********************************************************************************
DUPLICATOR-LITE PACKAGE-LOG: July 28, 2019 6:08 am
NOTICE: Do NOT post to public sites or forums 
********************************************************************************
VERSION:	1.3.18
WORDPRESS:	5.2.2
PHP INFO:	7.3.1 | SAPI: apache2handler
SERVER:		Apache/2.2.34 (Unix) mod_wsgi/3.5 Python/2.7.13 PHP/7.3.1 mod_ssl/2.2.34 OpenSSL/1.0.2o DAV/2 mod_fastcgi/mod_fastcgi-SNAP-0910052141 mod_perl/2.0.9 Perl/v5.24.0 
PHP TIME LIMIT: (0) no time limit imposed 
PHP MAX MEMORY: 4294967296 (256M default) 
MEMORY STACK: 8.5MB

********************************************************************************
DATABASE:
********************************************************************************
BUILD MODE:   PHP(query limit - 100)
MYSQLTIMEOUT: 5000
MYSQLDUMP:    Not Supported
TABLES: total:20 | filtered:0 | create:20
FILTERED: []
SQL CREATED: 20190728_midtownguestquarters_e90c0f0665b3beea7601_20190728060749_database.sql
SQL FILE SIZE: 56.11MB (58831751)
SQL FILE TIME: 2019-07-28 06:08:41
SQL RUNTIME: 2.16 sec.

********************************************************************************
ARCHIVE (ZIP):
********************************************************************************
ARCHIVE DIR:  /Applications/MAMP/htdocs/midtownguestquarters.com
ARCHIVE FILE: 20190728_midtownguestquarters_e90c0f0665b3beea7601_20190728060749_archive.zip
FILTERS: *ON*
DIRS:
	not set
FILES:
	/Applications/MAMP/htdocs/midtownguestquarters.com/wp-content/uploads/2019/07/TallahasseeSkyline2.jpeg
EXTS:  not set
----------------------------------------
COMPRESSING
SIZE:	149.7MB
STATS:	Dirs 944 | Files 5,965
SQL ADDED: 20190728_midtownguestquarters_e90c0f0665b3beea7601_20190728060749_database.sql
ZipArchive Object
(
    [status] => 0
    [statusSys] => 0
    [numFiles] => 6909
    [filename] => /Applications/MAMP/htdocs/midtownguestquarters.com/wp-snapshots/tmp/20190728_midtownguestquarters_e90c0f0665b3beea7601_20190728060749_archive.zip
    [comment] => 
)

FILE ADDED TO ZIP: 6908
COMPRESSION RESULT: '1'
COMPRESSED SIZE: 71.22MB
ARCHIVE RUNTIME: 29.72 sec.
MEMORY STACK: 10.5MB
building installer
add_extra_files1
add_extra_files2
add_extra_files3
add_extra_files4
Doing archive file check
add_extra_files5
add_extra_files6
add_extra_files8
Successfully opened zip /Applications/MAMP/htdocs/midtownguestquarters.com/wp-snapshots/tmp/20190728_midtownguestquarters_e90c0f0665b3beea7601_20190728060749_archive.zip
Adding enhanced installer files to archive using ZipArchive
Installer files added to archive
Added to archive
After ziparchive close when adding installer

********************************************************************************
INTEGRITY CHECKS:
********************************************************************************
SQL FILE: 56.11MB
INSTALLER FILE: 59.38KB
ARCHIVE FILE: 72.57MB 
EXPECTED FILE/DIRECTORY COUNT: 6,909
ACTUAL FILE/DIRECTORY COUNT: 6,908
ARCHIVE CONSISTENCY TEST: Pass

********************************************************************************
RECORD ID:[1]
TOTAL PROCESS RUNTIME: 36.68 sec.
PEAK PHP MEMORY USED: 36.96MB
DONE PROCESSING => 20190728_midtownguestquarters July 28, 2019 6:09 am

